0 info it worked if it ends with ok
1 verbose cli [ '/usr/local/bin/node',
1 verbose cli   '/usr/local/bin/npm',
1 verbose cli   'run',
1 verbose cli   'dev:server' ]
2 info using npm@3.10.10
3 info using node@v9.6.1
4 verbose run-script [ 'predev:server', 'dev:server', 'postdev:server' ]
5 info lifecycle react-ssr@1.0.0~predev:server: react-ssr@1.0.0
6 silly lifecycle react-ssr@1.0.0~predev:server: no script for predev:server, continuing
7 info lifecycle react-ssr@1.0.0~dev:server: react-ssr@1.0.0
8 verbose lifecycle react-ssr@1.0.0~dev:server: unsafe-perm in lifecycle true
9 verbose lifecycle react-ssr@1.0.0~dev:server: PATH: /usr/local/lib/node_modules/npm/bin/node-gyp-bin:/Volumes/D/study_byself/font-end/react-ssr/node_modules/.bin:/Library/Frameworks/Python.framework/Versions/3.6/bin:/Users/yangyi/anaconda3/bin:/Library/Frameworks/Python.framework/Versions/3.6/bin:/Users/yangyi/anaconda3/bin:/Volumes/D/anaconda3/bin:/Users/yangyi/anaconda3/bin:/Library/Frameworks/Python.framework/Versions/3.5/bin:/Library/Frameworks/Python.framework/Versions/3.5/bin:/usr/local/bin:/usr/bin:/bin:/usr/sbin:/sbin:/Library/Frameworks/Python.framework/Versions/3.6/bin:/Users/yangyi/anaconda3/bin:/Volumes/D/anaconda3/bin:/Library/Frameworks/Python.framework/Versions/3.5/bin:/usr/local/mysql/bin:/usr/local/mysql/bin
10 verbose lifecycle react-ssr@1.0.0~dev:server: CWD: /Volumes/D/study_byself/font-end/react-ssr
11 silly lifecycle react-ssr@1.0.0~dev:server: Args: [ '-c', 'cross-env NODE_ENV=development node server/server.js' ]
12 silly lifecycle react-ssr@1.0.0~dev:server: Returned: code: 1  signal: null
13 info lifecycle react-ssr@1.0.0~dev:server: Failed to exec dev:server script
14 verbose stack Error: react-ssr@1.0.0 dev:server: `cross-env NODE_ENV=development node server/server.js`
14 verbose stack Exit status 1
14 verbose stack     at EventEmitter.<anonymous> (/usr/local/lib/node_modules/npm/lib/utils/lifecycle.js:255:16)
14 verbose stack     at EventEmitter.emit (events.js:127:13)
14 verbose stack     at ChildProcess.<anonymous> (/usr/local/lib/node_modules/npm/lib/utils/spawn.js:40:14)
14 verbose stack     at ChildProcess.emit (events.js:127:13)
14 verbose stack     at maybeClose (internal/child_process.js:933:16)
14 verbose stack     at Process.ChildProcess._handle.onexit (internal/child_process.js:220:5)
15 verbose pkgid react-ssr@1.0.0
16 verbose cwd /Volumes/D/study_byself/font-end/react-ssr
17 error Darwin 18.2.0
18 error argv "/usr/local/bin/node" "/usr/local/bin/npm" "run" "dev:server"
19 error node v9.6.1
20 error npm  v3.10.10
21 error code ELIFECYCLE
22 error react-ssr@1.0.0 dev:server: `cross-env NODE_ENV=development node server/server.js`
22 error Exit status 1
23 error Failed at the react-ssr@1.0.0 dev:server script 'cross-env NODE_ENV=development node server/server.js'.
23 error Make sure you have the latest version of node.js and npm installed.
23 error If you do, this is most likely a problem with the react-ssr package,
23 error not with npm itself.
23 error Tell the author that this fails on your system:
23 error     cross-env NODE_ENV=development node server/server.js
23 error You can get information on how to open an issue for this project with:
23 error     npm bugs react-ssr
23 error Or if that isn't available, you can get their info via:
23 error     npm owner ls react-ssr
23 error There is likely additional logging output above.
24 verbose exit [ 1, true ]
